  sfml.cpp
C:\Users\Asus\Documents\GitHub\Backgammon-sfml\sfml\sfml.cpp(44,27): warning C4244: =: преобразование "T" в "int", возможна потеря данных
          with
          [
              T=float
          ]
C:\Users\Asus\Documents\GitHub\Backgammon-sfml\sfml\sfml.cpp(46,34): warning C4244: +=: преобразование "T" в "int", возможна потеря данных
          with
          [
              T=float
          ]
C:\Users\Asus\Documents\GitHub\Backgammon-sfml\sfml\sfml.cpp(49,19): warning C4244: =: преобразование "T" в "int", возможна потеря данных
          with
          [
              T=float
          ]
C:\Users\Asus\Documents\GitHub\Backgammon-sfml\sfml\sfml.cpp(51,36): warning C4244: +=: преобразование "T" в "int", возможна потеря данных
          with
          [
              T=float
          ]
C:\Users\Asus\Documents\GitHub\Backgammon-sfml\sfml\sfml.cpp(229,33): warning C4244: аргумент: преобразование "int" в "T", возможна потеря данных
          with
          [
              T=float
          ]
C:\Users\Asus\Documents\GitHub\Backgammon-sfml\sfml\sfml.cpp(229,23): warning C4244: аргумент: преобразование "int" в "T", возможна потеря данных
          with
          [
              T=float
          ]
C:\Users\Asus\Documents\GitHub\Backgammon-sfml\sfml\sfml.cpp(252,60): warning C4244: -=: преобразование "float" в "int", возможна потеря данных
C:\Users\Asus\Documents\GitHub\Backgammon-sfml\sfml\sfml.cpp(279,45): warning C4244: аргумент: преобразование "int" в "float", возможна потеря данных
C:\Users\Asus\Documents\GitHub\Backgammon-sfml\sfml\sfml.cpp(279,35): warning C4244: аргумент: преобразование "int" в "float", возможна потеря данных
C:\Users\Asus\Documents\GitHub\Backgammon-sfml\sfml\sfml.cpp(301,15): warning C4244: аргумент: преобразование "time_t" в "unsigned int", возможна потеря данных
C:\Users\Asus\Documents\GitHub\Backgammon-sfml\sfml\sfml.cpp(313,35): warning C4244: аргумент: преобразование "int" в "float", возможна потеря данных
C:\Users\Asus\Documents\GitHub\Backgammon-sfml\sfml\sfml.cpp(341,39): warning C4244: аргумент: преобразование "int" в "float", возможна потеря данных
C:\Users\Asus\Documents\GitHub\Backgammon-sfml\sfml\sfml.cpp(359,40): warning C4244: аргумент: преобразование "int" в "float", возможна потеря данных
C:\Users\Asus\Documents\GitHub\Backgammon-sfml\sfml\sfml.cpp(403,75): warning C4244: аргумент: преобразование "T" в "T", возможна потеря данных
          with
          [
              T=int
          ]
          and
          [
              T=float
          ]
C:\Users\Asus\Documents\GitHub\Backgammon-sfml\sfml\sfml.cpp(403,68): warning C4244: аргумент: преобразование "T" в "T", возможна потеря данных
          with
          [
              T=int
          ]
          and
          [
              T=float
          ]
C:\Users\Asus\Documents\GitHub\Backgammon-sfml\sfml\sfml.cpp(428,39): warning C4244: инициализация: преобразование "T" в "int", возможна потеря данных
          with
          [
              T=float
          ]
C:\Users\Asus\Documents\GitHub\Backgammon-sfml\sfml\sfml.cpp(429,39): warning C4244: инициализация: преобразование "T" в "int", возможна потеря данных
          with
          [
              T=float
          ]
C:\Users\Asus\Documents\GitHub\Backgammon-sfml\sfml\sfml.cpp(433,75): warning C4244: аргумент: преобразование "T" в "T", возможна потеря данных
          with
          [
              T=int
          ]
          and
          [
              T=float
          ]
C:\Users\Asus\Documents\GitHub\Backgammon-sfml\sfml\sfml.cpp(433,68): warning C4244: аргумент: преобразование "T" в "T", возможна потеря данных
          with
          [
              T=int
          ]
          and
          [
              T=float
          ]
C:\Users\Asus\Documents\GitHub\Backgammon-sfml\sfml\sfml.cpp(441,43): warning C4244: =: преобразование "T" в "int", возможна потеря данных
          with
          [
              T=float
          ]
C:\Users\Asus\Documents\GitHub\Backgammon-sfml\sfml\sfml.cpp(442,43): warning C4244: =: преобразование "T" в "int", возможна потеря данных
          with
          [
              T=float
          ]
C:\Users\Asus\Documents\GitHub\Backgammon-sfml\sfml\sfml.cpp(483,71): warning C4244: аргумент: преобразование "int" в "float", возможна потеря данных
C:\Users\Asus\Documents\GitHub\Backgammon-sfml\sfml\sfml.cpp(484,73): warning C4244: аргумент: преобразование "int" в "float", возможна потеря данных
C:\Users\Asus\Documents\GitHub\Backgammon-sfml\sfml\sfml.cpp(493,48): warning C4244: инициализация: преобразование "const T" в "int", возможна потеря данных
          with
          [
              T=float
          ]
C:\Users\Asus\Documents\GitHub\Backgammon-sfml\sfml\sfml.cpp(494,48): warning C4244: инициализация: преобразование "const T" в "int", возможна потеря данных
          with
          [
              T=float
          ]
C:\Users\Asus\Documents\GitHub\Backgammon-sfml\sfml\sfml.cpp(521,73): warning C4244: аргумент: преобразование "int" в "float", возможна потеря данных
C:\Users\Asus\Documents\GitHub\Backgammon-sfml\sfml\sfml.cpp(521,69): warning C4244: аргумент: преобразование "int" в "float", возможна потеря данных
C:\Users\Asus\Documents\GitHub\Backgammon-sfml\sfml\sfml.cpp(533,48): warning C4244: инициализация: преобразование "const T" в "int", возможна потеря данных
          with
          [
              T=float
          ]
C:\Users\Asus\Documents\GitHub\Backgammon-sfml\sfml\sfml.cpp(534,48): warning C4244: инициализация: преобразование "const T" в "int", возможна потеря данных
          with
          [
              T=float
          ]
C:\Users\Asus\Documents\GitHub\Backgammon-sfml\sfml\sfml.cpp(562,73): warning C4244: аргумент: преобразование "int" в "float", возможна потеря данных
C:\Users\Asus\Documents\GitHub\Backgammon-sfml\sfml\sfml.cpp(562,69): warning C4244: аргумент: преобразование "int" в "float", возможна потеря данных
C:\Users\Asus\Documents\GitHub\Backgammon-sfml\sfml\sfml.cpp(574,83): warning C4244: аргумент: преобразование "int" в "T", возможна потеря данных
          with
          [
              T=float
          ]
C:\Users\Asus\Documents\GitHub\Backgammon-sfml\sfml\sfml.cpp(574,73): warning C4244: аргумент: преобразование "int" в "T", возможна потеря данных
          with
          [
              T=float
          ]
C:\Users\Asus\Documents\GitHub\Backgammon-sfml\sfml\sfml.cpp(575,72): warning C4244: аргумент: преобразование "int" в "T", возможна потеря данных
          with
          [
              T=float
          ]
C:\Users\Asus\Documents\GitHub\Backgammon-sfml\sfml\sfml.cpp(575,48): warning C4244: аргумент: преобразование "int" в "T", возможна потеря данных
          with
          [
              T=float
          ]
C:\Users\Asus\Documents\GitHub\Backgammon-sfml\sfml\sfml.cpp(587,69): warning C4244: =: преобразование "float" в "int", возможна потеря данных
C:\Users\Asus\Documents\GitHub\Backgammon-sfml\sfml\sfml.cpp(618,138): warning C4244: +=: преобразование "float" в "int", возможна потеря данных
C:\Users\Asus\Documents\GitHub\Backgammon-sfml\sfml\sfml.cpp(621,138): warning C4244: -=: преобразование "float" в "int", возможна потеря данных
C:\Users\Asus\Documents\GitHub\Backgammon-sfml\sfml\sfml.cpp(663,50): warning C4244: аргумент: преобразование "int" в "float", возможна потеря данных
C:\Users\Asus\Documents\GitHub\Backgammon-sfml\sfml\sfml.cpp(664,50): warning C4244: аргумент: преобразование "int" в "float", возможна потеря данных
C:\Users\Asus\Documents\GitHub\Backgammon-sfml\sfml\sfml.cpp(668,39): warning C4244: аргумент: преобразование "int" в "float", возможна потеря данных
C:\Users\Asus\Documents\GitHub\Backgammon-sfml\sfml\sfml.cpp(675,45): warning C4244: аргумент: преобразование "int" в "float", возможна потеря данных
C:\Users\Asus\Documents\GitHub\Backgammon-sfml\sfml\sfml.cpp(269): warning C4715: move: значение возвращается не при всех путях выполнения
  sfml.vcxproj -> C:\Users\Asus\Documents\GitHub\Backgammon-sfml\x64\Debug\sfml.exe
